IPO API service running on http://localhost:8081
Connected to DB for Sync
Fetching https://www.nseindia.com/api/ipo-current-issue...
Processing 2 current issues...
Fetching https://www.nseindia.com/api/all-upcoming-issues?category=ipo...
Processing 7 upcoming issues...
Fetching https://www.nseindia.com/api/public-past-issues...
Processing 1298 past issues...
Fetching details for PARKHOSPS (EQ)
Fetching https://www.nseindia.com/api/ipo-detail?symbol=PARKHOSPS&series=EQ...
Sync Complete.
Fetching details for NEPHROPLUS (EQ)
Fetching https://www.nseindia.com/api/ipo-detail?symbol=NEPHROPLUS&series=EQ...
Fetching details for EXIMROUTES (SME)
Fetching https://www.nseindia.com/api/ipo-detail?symbol=EXIMROUTES&series=SME...
Fetching details for ASHWINI (SME)
Fetching https://www.nseindia.com/api/ipo-detail?symbol=ASHWINI&series=SME...
Fetching details for MEESHO (EQ)
Fetching https://www.nseindia.com/api/ipo-detail?symbol=MEESHO&series=EQ...
Fetching details for ICICIAMC (EQ)
Fetching https://www.nseindia.com/api/ipo-detail?symbol=ICICIAMC&series=EQ...
Fetching details for PARKHOSPS (EQ)
Fetching https://www.nseindia.com/api/ipo-detail?symbol=PARKHOSPS&series=EQ...
Fetching details for MEESHO (EQ)
Fetching https://www.nseindia.com/api/ipo-detail?symbol=MEESHO&series=EQ...
Fetching details for GROWW (EQ)
Fetching https://www.nseindia.com/api/ipo-detail?symbol=GROWW&series=EQ...
Connected to DB for Sync
Fetching https://www.nseindia.com/api/ipo-current-issue...
Processing 2 current issues...
Fetching https://www.nseindia.com/api/all-upcoming-issues?category=ipo...
Processing 7 upcoming issues...
Fetching https://www.nseindia.com/api/public-past-issues...
Processing 1298 past issues...
Sync Complete.
Connected to DB for Sync
Fetching https://www.nseindia.com/api/ipo-current-issue...
Processing 2 current issues...
Fetching https://www.nseindia.com/api/all-upcoming-issues?category=ipo...
Processing 7 upcoming issues...
Fetching https://www.nseindia.com/api/public-past-issues...
Processing 1298 past issues...
Fetching details for CAPILLARY (EQ)
Fetching https://www.nseindia.com/api/ipo-detail?symbol=CAPILLARY&series=EQ...
Sync Complete.
Connected to DB for Sync
Fetching https://www.nseindia.com/api/ipo-current-issue...
Processing 2 current issues...
Fetching https://www.nseindia.com/api/all-upcoming-issues?category=ipo...
Processing 7 upcoming issues...
Fetching https://www.nseindia.com/api/public-past-issues...
Processing 1298 past issues...
Fetching details for NEOCHEM (SME)
Fetching https://www.nseindia.com/api/ipo-detail?symbol=NEOCHEM&series=SME...
Sync Complete.
Fetching details for SPEB (SME)
Fetching https://www.nseindia.com/api/ipo-detail?symbol=SPEB&series=SME...
Fetching details for EXCELSOFT (EQ)
Fetching https://www.nseindia.com/api/ipo-detail?symbol=EXCELSOFT&series=EQ...
Fetching details for EXCELSOFT (EQ)
Fetching https://www.nseindia.com/api/ipo-detail?symbol=EXCELSOFT&series=EQ...
