=== ISSUE SIZE ANALYSIS LOG ===
Generated at: 2025-12-12T00:01:16.968Z


================================================================================
Symbol: JAINREC (EQ)
Issue Size Value:
"Initial Public Offer of Fresh Issue of up to Rs. 5,000 Million and Offer for Sale of up to Rs. 7,500 Million (Including anchor investor portion of 2,42,45,689 Equity Shares)"
================================================================================

================================================================================
Symbol: JKIPL (EQ)
Issue Size Value:
"Initial Public Offer of 95,99,548 comprising Fresh Issue upto 86,40,000 Equity Shares and Offer of Offer for sale of up to 9,59,548 Equity Shares ( including Anchor Allocation 28,78,500 Equity Shares)"
================================================================================

================================================================================
Symbol: TRUALT (EQ)
Issue Size Value:
"Initial Public Fresh Issue upto 7500 million and Offer of Offer for sale of up to 18,00,000 Equity Shares (including Anchor Allocation of 50,76,289 Equity Shares)"
================================================================================

================================================================================
Symbol: MPEL (SME)
Issue Size Value:
"Initial Public Offer of 29,04,000 Equity Shares (including Market Maker portion of 1,47,200 Equity Shares)"
================================================================================

================================================================================
Symbol: PACEDIGITK (EQ)
Issue Size Value:
"Initial Public Offer of Fresh Issue up to Rs.8191.48 million (including Employee Reservation Portion upto 20.00 million and anchor investor portion of 1,11,93,807 Equity Shares)"
================================================================================

================================================================================
Symbol: SUBAHOTELS (SME)
Issue Size Value:
"Initial Public Offer of upto 67,99,200 Equity Shares (including Market Maker portion of 3,40,800 Equity Shares and Anchor Allocation 19,17,600 Equity Shares)"
================================================================================

================================================================================
Symbol: VIJAYPD (SME)
Issue Size Value:
"Initial Public Offer of upto 55,00,000 Equity Shares including Market Maker portion of 2,84,000 Equity Shares"
================================================================================

================================================================================
Symbol: OMFREIGHT (EQ)
Issue Size Value:
"Initial Public Offer of Fresh Issue of aggregating up to Rs. 244.36 million and Offer for Sale up to 7,250,000 Equity Shares (Including anchor investor portion of 11,77,710 Equity Shares)"
================================================================================

================================================================================
Symbol: FABTECH (EQ)
Issue Size Value:
"Initial Public Offer of Fresh Issue of aggregating up to 1,20,60,000 Equity Shares"
================================================================================

================================================================================
Symbol: GLOTTIS (EQ)
Issue Size Value:
"Initial Public Offer of Fresh Issue up to 1600 million and Offer for Sale up to 11,395,640 Equity Shares  (Including Anchor Investor portion of 42,83,755 Equity Shares)"
================================================================================

================================================================================
Symbol: BAGDIGITAL (SME)
Issue Size Value:
"Initial Public Offer of upto 56,00,000 Equity Shares (including Market Maker portion of 2,80,000 Equity Shares and Anchor Allocation 15,60,000 Equity Shares)"
================================================================================

================================================================================
Symbol: MUNISH (SME)
Issue Size Value:
"Initial Public Offer of Fresh Issue upto 63,56,400 Equity Shares and offer for sale upto 13,44,000 Equity Shares (including Market Maker portion of 3,85,200 Equity Shares and Anchor Allocation 21,93,600 Equity Shares)"
================================================================================

================================================================================
Symbol: SHEEL (SME)
Issue Size Value:
"Initial Public Offer of upto 54,00,000 Equity Shares (including Market Maker portion of 2,72,000 Equity Shares and Anchor Allocation 15,24,000 Equity Shares)"
================================================================================

================================================================================
Symbol: GREENLEAF (SME)
Issue Size Value:
"Initial public offer of 16,10,000 equity shares comprising Fresh offer of up to 13,10,000 equity shares and an offer for sale of 3,00,000 equity shares (including Market Maker portion of 84,000 Equity Shares)"
================================================================================

================================================================================
Symbol: ADVANCE (EQ)
Issue Size Value:
"Initial Public Fresh Issue upto 1,92,85,720 Equity Shares including Anchor Allocation portion of 57,76,716 Equity Shares"
================================================================================

================================================================================
Symbol: WEWORK (EQ)
Issue Size Value:
"Initial Public Offer of up to 46,296,296 Equity Shares (Including Anchor portion of 20,806,548 Equity Shares)"
================================================================================

================================================================================
Symbol: SMC01 (EQ)
Issue Size Value:
"Public Issue by Surat Municipal Corporation of Rated, Listed, Taxable, Secured, Redeemable, Non-Convertible Green Municipal Bonds (in the nature of debentures) of face value of Rs. 1,000/- each, (comprising of 2 (two) separately transferable and redeemable principal parts (STRPPs) namely 1 STRPP A of face value of Rs. 500/- and 1 STRPP B of face value of Rs. 500/- for an amount upto Rs 100 crores (Base Issue Size) with an option to retain oversubscription up to Rs 100 crores (Green Shoe Option), aggregating up to Rs 200 crores"
================================================================================

73TACA30 (EQ): NO ISSUE SIZE FIELD FOUND


================================================================================
Symbol: ANANTAM (EQ)
Issue Size Value:
"Initial Public offer of [.] units aggregating up to Rs. 4,000 million (Anchor allocation portion of 1,79,99,850 units)"
================================================================================

================================================================================
Symbol: LGEINDIA (EQ)
Issue Size Value:
"Initial Public Offer of Offer for Sale aggregating up to 101,815,859 Equity Shares ( including Employee Reservation Portion aggregating up to 2,10,728 Equity Shares and Anchor investor portion of 3,04,81,539 Equity Shares)"
================================================================================

================================================================================
Symbol: RUBICON (EQ)
Issue Size Value:
"Initial Public Fresh Issue upto 5000 million and Offer of Offer for sale of up to 8774.99 million (including Anchor Allocation 1,27,64,691 Equity Shares)"
================================================================================

================================================================================
Symbol: CRAMC (EQ)
Issue Size Value:
"Initial Public Offer of Offer for Sale up to 49,854,357 Equity Shares (Including anchor investor portion of 14,956,306 Equity Shares)"
================================================================================

================================================================================
Symbol: CANHLIFE (EQ)
Issue Size Value:
"Initial Public Offer of Offer for Sale aggregating up to 237,500,000 Equity Shares including Employee Reservation Portion aggregating up to 15,50,000 Equity Shares and Anchor investor portion of  7,07,85,000 Equity Shares)"
================================================================================

================================================================================
Symbol: MIDWESTLTD (EQ)
Issue Size Value:
"Initial Public Offer of Fresh Issue of up to Rs. 2,500 Million and Offer for sale of up to Rs. 2010 Million (Including anchor investor portion of 12,67,605 Equity Shares)"
================================================================================

================================================================================
Symbol: SMCG03 (EQ)
Issue Size Value:
"The Company is proposing a Public Issue of secured, rated, listed, redeemable, non-convertible debentures of face value of Rs.1,000 each (NCDs) for an amount up to Rs.7,500 Lakh (Base Issue Size) with an option to retain oversubscription up to Rs.7,500 Lakh (Green Shoe Option), aggregating up to 15,00,000 NCDs for an aggregate amount of up to Rs.15,000 Lakhs (Issue Size OR Issue Limit) (hereinafter referred to as the Issue)"
================================================================================

================================================================================
Symbol: JAYESH (SME)
Issue Size Value:
"Initial Public Offer of Fresh Issue upto 23,47,000 Equity Shares (including Market Maker portion of 1,20,000 Equity Shares and Anchor Allocation 5,56,000 Equity Shares)"
================================================================================

================================================================================
Symbol: ORKLAINDIA (EQ)
Issue Size Value:
"Initial Public Offer of Offer for Sale of Up to 22,843,004 Equity Shares (Including eligible employees reservation portion of up to 30,000 Equity Shares and anchor investor portion of 68,43,900 Equity Shares)"
================================================================================

================================================================================
Symbol: STUDDS (EQ)
Issue Size Value:
"Initial Public Offer of up to 77,86,120 Equity Shares (including Anchor Allocation of 23,35,836 Equity Shares)"
================================================================================

================================================================================
Symbol: LENSKART (EQ)
Issue Size Value:
"Initial Public Offer of Fresh Issue up to Rs.21,500 million and Offer for Sale up to 127,562,573 Equity Shares(including Employee Reservation Portion aggregating up to Rs.150 million and anchor investor portion of 8,13,02,412 Equity Shares"
================================================================================
